2024-12-02 22:27:21,131 p=12976 u=vagrant n=ansible | - Role 2p_centurion was created successfully
2024-12-02 22:41:02,184 p=13108 u=vagrant n=ansible | [WARNING]: No inventory was parsed, only implicit localhost is available

2024-12-02 22:41:02,189 p=13108 u=vagrant n=ansible | [WARNING]: provided hosts list is empty, only localhost is available. Note that the implicit
localhost does not match 'all'

2024-12-02 22:41:02,295 p=13108 u=vagrant n=ansible | PLAY [all] **********************************************************************************
2024-12-02 22:41:02,296 p=13108 u=vagrant n=ansible | skipping: no hosts matched
2024-12-02 22:41:02,297 p=13108 u=vagrant n=ansible | PLAY RECAP **********************************************************************************
2024-12-02 22:53:04,895 p=13190 u=vagrant n=ansible | [WARNING]: No inventory was parsed, only implicit localhost is available

2024-12-02 22:53:04,899 p=13190 u=vagrant n=ansible | [WARNING]: provided hosts list is empty, only localhost is available. Note that the implicit
localhost does not match 'all'

2024-12-02 22:53:04,989 p=13190 u=vagrant n=ansible | PLAY [localhost] ****************************************************************************
2024-12-02 22:53:04,999 p=13190 u=vagrant n=ansible | TASK [Gathering Facts] **********************************************************************
2024-12-02 22:53:05,943 p=13190 u=vagrant n=ansible | ok: [localhost]
2024-12-02 22:53:05,953 p=13190 u=vagrant n=ansible | TASK [2p_centurion] *************************************************************************
2024-12-02 22:53:05,964 p=13190 u=vagrant n=ansible | ok: [localhost] => {
    "msg": "Despues de la ejecucion del rol"
}
2024-12-02 22:53:05,975 p=13190 u=vagrant n=ansible | PLAY RECAP **********************************************************************************
2024-12-02 22:53:05,976 p=13190 u=vagrant n=ansible | localhost                  : ok=2    changed=0    unreachable=0    failed=0    skipped=0    rescued=0    ignored=0   
2024-12-02 22:54:01,329 p=13293 u=vagrant n=ansible | [WARNING]: No inventory was parsed, only implicit localhost is available

2024-12-02 22:54:01,332 p=13293 u=vagrant n=ansible | [WARNING]: provided hosts list is empty, only localhost is available. Note that the implicit
localhost does not match 'all'

2024-12-02 22:54:01,421 p=13293 u=vagrant n=ansible | PLAY [localhost] ****************************************************************************
2024-12-02 22:54:01,428 p=13293 u=vagrant n=ansible | TASK [Gathering Facts] **********************************************************************
2024-12-02 22:54:02,230 p=13293 u=vagrant n=ansible | ok: [localhost]
2024-12-02 22:54:02,243 p=13293 u=vagrant n=ansible | TASK [2p_centurion] *************************************************************************
2024-12-02 22:54:02,254 p=13293 u=vagrant n=ansible | ok: [localhost] => {
    "msg": "Despues de la ejecucion del rol"
}
2024-12-02 22:54:02,264 p=13293 u=vagrant n=ansible | PLAY RECAP **********************************************************************************
2024-12-02 22:54:02,265 p=13293 u=vagrant n=ansible | localhost                  : ok=2    changed=0    unreachable=0    failed=0    skipped=0    rescued=0    ignored=0   
2024-12-02 22:56:13,972 p=13396 u=vagrant n=ansible | PLAY [localhost] ****************************************************************************
2024-12-02 22:56:13,979 p=13396 u=vagrant n=ansible | TASK [Gathering Facts] **********************************************************************
2024-12-02 22:56:14,743 p=13396 u=vagrant n=ansible | ok: [localhost]
2024-12-02 22:56:14,755 p=13396 u=vagrant n=ansible | TASK [2p_centurion] *************************************************************************
2024-12-02 22:56:14,764 p=13396 u=vagrant n=ansible | ok: [localhost] => {
    "msg": "Despues de la ejecucion del rol"
}
2024-12-02 22:56:14,773 p=13396 u=vagrant n=ansible | PLAY RECAP **********************************************************************************
2024-12-02 22:56:14,774 p=13396 u=vagrant n=ansible | localhost                  : ok=2    changed=0    unreachable=0    failed=0    skipped=0    rescued=0    ignored=0   
2024-12-02 23:33:12,352 p=14547 u=vagrant n=ansible | PLAY [localhost] ***************************************************************************************
2024-12-02 23:33:12,361 p=14547 u=vagrant n=ansible | TASK [Gathering Facts] *********************************************************************************
2024-12-02 23:33:13,212 p=14547 u=vagrant n=ansible | ok: [localhost]
2024-12-02 23:33:13,224 p=14547 u=vagrant n=ansible | TASK [2p_centurion] ************************************************************************************
2024-12-02 23:33:13,236 p=14547 u=vagrant n=ansible | ok: [localhost] => {
    "msg": "Despues de la ejecucion del rol"
}
2024-12-02 23:33:13,251 p=14547 u=vagrant n=ansible | PLAY RECAP *********************************************************************************************
2024-12-02 23:33:13,251 p=14547 u=vagrant n=ansible | localhost                  : ok=2    changed=0    unreachable=0    failed=0    skipped=0    rescued=0    ignored=0   
2024-12-02 23:33:40,284 p=14654 u=vagrant n=ansible | PLAY [localhost] ***************************************************************************************
2024-12-02 23:33:40,292 p=14654 u=vagrant n=ansible | TASK [Gathering Facts] *********************************************************************************
2024-12-02 23:33:41,029 p=14654 u=vagrant n=ansible | ok: [localhost]
2024-12-02 23:33:41,042 p=14654 u=vagrant n=ansible | TASK [2p_centurion] ************************************************************************************
2024-12-02 23:33:41,052 p=14654 u=vagrant n=ansible | ok: [localhost] => {
    "msg": "Despues de la ejecucion del rol"
}
2024-12-02 23:33:41,062 p=14654 u=vagrant n=ansible | PLAY RECAP *********************************************************************************************
2024-12-02 23:33:41,062 p=14654 u=vagrant n=ansible | localhost                  : ok=2    changed=0    unreachable=0    failed=0    skipped=0    rescued=0    ignored=0   
2024-12-02 23:37:59,513 p=14954 u=vagrant n=ansible | [WARNING]: A duplicate localhost-like entry was found (localhost). First found localhost was 127.0.0.1

2024-12-02 23:37:59,615 p=14954 u=vagrant n=ansible | PLAY [localhost] *********************************************************************************************************************************
2024-12-02 23:37:59,625 p=14954 u=vagrant n=ansible | TASK [Gathering Facts] ***************************************************************************************************************************
2024-12-02 23:38:00,519 p=14954 u=vagrant n=ansible | ok: [localhost]
2024-12-02 23:38:00,531 p=14954 u=vagrant n=ansible | TASK [2p_centurion] ******************************************************************************************************************************
2024-12-02 23:38:00,541 p=14954 u=vagrant n=ansible | ok: [localhost] => {
    "msg": "Despues de la ejecucion del rol"
}
2024-12-02 23:38:00,554 p=14954 u=vagrant n=ansible | PLAY RECAP ***************************************************************************************************************************************
2024-12-02 23:38:00,554 p=14954 u=vagrant n=ansible | localhost                  : ok=2    changed=0    unreachable=0    failed=0    skipped=0    rescued=0    ignored=0   
2024-12-02 23:43:21,808 p=15143 u=vagrant n=ansible | [WARNING]: A duplicate localhost-like entry was found (localhost). First found localhost was 127.0.0.1

2024-12-02 23:43:21,899 p=15143 u=vagrant n=ansible | PLAY [localhost] *********************************************************************************************************************************
2024-12-02 23:43:21,906 p=15143 u=vagrant n=ansible | TASK [Gathering Facts] ***************************************************************************************************************************
2024-12-02 23:43:22,697 p=15143 u=vagrant n=ansible | ok: [localhost]
2024-12-02 23:43:22,706 p=15143 u=vagrant n=ansible | TASK [2p_centurion] ******************************************************************************************************************************
2024-12-02 23:43:22,716 p=15143 u=vagrant n=ansible | ok: [localhost] => {
    "msg": "Despues de la ejecucion del rol"
}
2024-12-02 23:43:22,727 p=15143 u=vagrant n=ansible | PLAY RECAP ***************************************************************************************************************************************
2024-12-02 23:43:22,728 p=15143 u=vagrant n=ansible | localhost                  : ok=2    changed=0    unreachable=0    failed=0    skipped=0    rescued=0    ignored=0   
2024-12-02 23:44:50,330 p=15297 u=vagrant n=ansible | [WARNING]: A duplicate localhost-like entry was found (localhost). First found localhost was 127.0.0.1

2024-12-02 23:44:50,424 p=15297 u=vagrant n=ansible | PLAY [localhost] *********************************************************************************************************************************
2024-12-02 23:44:50,434 p=15297 u=vagrant n=ansible | TASK [Gathering Facts] ***************************************************************************************************************************
2024-12-02 23:44:51,227 p=15297 u=vagrant n=ansible | ok: [localhost]
2024-12-02 23:44:51,239 p=15297 u=vagrant n=ansible | TASK [2p_centurion] ******************************************************************************************************************************
2024-12-02 23:44:51,254 p=15297 u=vagrant n=ansible | ok: [localhost] => {
    "msg": "Despues de la ejecucion del rol"
}
2024-12-02 23:44:51,264 p=15297 u=vagrant n=ansible | PLAY RECAP ***************************************************************************************************************************************
2024-12-02 23:44:51,264 p=15297 u=vagrant n=ansible | localhost                  : ok=2    changed=0    unreachable=0    failed=0    skipped=0    rescued=0    ignored=0   
2024-12-02 23:47:58,130 p=15446 u=vagrant n=ansible | [WARNING]: Unable to parse /home/vagrant/2p_2024/D_Ansible/hosts as an inventory source

2024-12-02 23:47:58,131 p=15446 u=vagrant n=ansible | [WARNING]: No inventory was parsed, only implicit localhost is available

2024-12-02 23:47:58,135 p=15446 u=vagrant n=ansible | [WARNING]: provided hosts list is empty, only localhost is available. Note that the implicit localhost does not match 'all'

2024-12-02 23:47:58,202 p=15446 u=vagrant n=ansible | ERROR! We were unable to read either as JSON nor YAML, these are the errors we got from each:
JSON: Expecting value: line 1 column 1 (char 0)

Syntax Error while loading YAML.
  mapping values are not allowed in this context

The error appears to be in '/home/vagrant/2p_2024/D_Ansible/playbook.yml': line 3, column 7, but may
be elsewhere in the file depending on the exact syntax problem.

The offending line appears to be:

-name: Role
 hosts: all
      ^ here

2024-12-02 23:49:00,323 p=15451 u=vagrant n=ansible | [WARNING]: Unable to parse /home/vagrant/2p_2024/D_Ansible/hosts as an inventory source

2024-12-02 23:49:00,324 p=15451 u=vagrant n=ansible | [WARNING]: No inventory was parsed, only implicit localhost is available

2024-12-02 23:49:00,327 p=15451 u=vagrant n=ansible | [WARNING]: provided hosts list is empty, only localhost is available. Note that the implicit localhost does not match 'all'

2024-12-02 23:49:00,416 p=15451 u=vagrant n=ansible | PLAY [Role] **************************************************************************************************************************************
2024-12-02 23:49:00,416 p=15451 u=vagrant n=ansible | skipping: no hosts matched
2024-12-02 23:49:00,418 p=15451 u=vagrant n=ansible | PLAY RECAP ***************************************************************************************************************************************
2024-12-02 23:49:51,618 p=15456 u=vagrant n=ansible | [WARNING]: A duplicate localhost-like entry was found (localhost). First found localhost was 127.0.0.1

2024-12-02 23:49:51,707 p=15456 u=vagrant n=ansible | ERROR! the field 'hosts' is required but was not set
2024-12-02 23:50:09,488 p=15460 u=vagrant n=ansible | [WARNING]: A duplicate localhost-like entry was found (localhost). First found localhost was 127.0.0.1

2024-12-02 23:50:09,575 p=15460 u=vagrant n=ansible | PLAY [Role] **************************************************************************************************************************************
2024-12-02 23:50:09,583 p=15460 u=vagrant n=ansible | TASK [Gathering Facts] ***************************************************************************************************************************
2024-12-02 23:50:09,723 p=15460 u=vagrant n=ansible | fatal: [127.0.0.1]: UNREACHABLE! => {"changed": false, "msg": "Failed to connect to the host via ssh: Warning: Permanently added '127.0.0.1' (ED25519) to the list of known hosts.\r\nvagrant@127.0.0.1: Permission denied (publickey,password).", "unreachable": true}
2024-12-02 23:50:10,611 p=15460 u=vagrant n=ansible | ok: [localhost]
2024-12-02 23:50:10,628 p=15460 u=vagrant n=ansible | TASK [2p_centurion : Crear el grupo "G2p_2024_Defensa"] ******************************************************************************************
2024-12-02 23:50:10,880 p=15460 u=vagrant n=ansible | changed: [localhost]
2024-12-02 23:50:10,890 p=15460 u=vagrant n=ansible | PLAY RECAP ***************************************************************************************************************************************
2024-12-02 23:50:10,890 p=15460 u=vagrant n=ansible | 127.0.0.1                  : ok=0    changed=0    unreachable=1    failed=0    skipped=0    rescued=0    ignored=0   
2024-12-02 23:50:10,890 p=15460 u=vagrant n=ansible | localhost                  : ok=2    changed=1    unreachable=0    failed=0    skipped=0    rescued=0    ignored=0   
2024-12-02 23:52:34,172 p=15655 u=vagrant n=ansible | [WARNING]: A duplicate localhost-like entry was found (localhost). First found localhost was 127.0.0.1

2024-12-02 23:52:34,272 p=15655 u=vagrant n=ansible | PLAY [Role] **************************************************************************************************************************************
2024-12-02 23:52:34,280 p=15655 u=vagrant n=ansible | TASK [Gathering Facts] ***************************************************************************************************************************
2024-12-02 23:52:34,420 p=15655 u=vagrant n=ansible | fatal: [127.0.0.1]: UNREACHABLE! => {"changed": false, "msg": "Failed to connect to the host via ssh: Warning: Permanently added '127.0.0.1' (ED25519) to the list of known hosts.\r\nvagrant@127.0.0.1: Permission denied (publickey,password).", "unreachable": true}
2024-12-02 23:52:35,323 p=15655 u=vagrant n=ansible | ok: [localhost]
2024-12-02 23:52:35,343 p=15655 u=vagrant n=ansible | TASK [2p_centurion : Crear el grupo "G2p_2024_Defensa"] ******************************************************************************************
2024-12-02 23:52:35,594 p=15655 u=vagrant n=ansible | ok: [localhost]
2024-12-02 23:52:35,603 p=15655 u=vagrant n=ansible | PLAY RECAP ***************************************************************************************************************************************
2024-12-02 23:52:35,603 p=15655 u=vagrant n=ansible | 127.0.0.1                  : ok=0    changed=0    unreachable=1    failed=0    skipped=0    rescued=0    ignored=0   
2024-12-02 23:52:35,603 p=15655 u=vagrant n=ansible | localhost                  : ok=2    changed=0    unreachable=0    failed=0    skipped=0    rescued=0    ignored=0   
2024-12-02 23:58:47,973 p=15920 u=vagrant n=ansible | PLAY [Role] **************************************************************************************************************************************
2024-12-02 23:58:47,979 p=15920 u=vagrant n=ansible | TASK [Gathering Facts] ***************************************************************************************************************************
2024-12-02 23:58:48,951 p=15920 u=vagrant n=ansible | ok: [localhost]
2024-12-02 23:58:48,972 p=15920 u=vagrant n=ansible | TASK [2p_centurion : Crear el grupo "G2p_2024_Defensa"] ******************************************************************************************
2024-12-02 23:58:49,213 p=15920 u=vagrant n=ansible | ok: [localhost]
2024-12-02 23:58:49,223 p=15920 u=vagrant n=ansible | PLAY RECAP ***************************************************************************************************************************************
2024-12-02 23:58:49,223 p=15920 u=vagrant n=ansible | localhost                  : ok=2    changed=0    unreachable=0    failed=0    skipped=0    rescued=0    ignored=0   
2024-12-03 00:06:58,067 p=16162 u=vagrant n=ansible | [WARNING]: A duplicate localhost-like entry was found (localhost). First found localhost was 127.0.0.1

2024-12-03 00:06:58,154 p=16162 u=vagrant n=ansible | PLAY [Role] **************************************************************************************************************************************
2024-12-03 00:06:58,160 p=16162 u=vagrant n=ansible | TASK [Gathering Facts] ***************************************************************************************************************************
2024-12-03 00:06:58,342 p=16162 u=vagrant n=ansible | fatal: [127.0.0.1]: UNREACHABLE! => {"changed": false, "msg": "Failed to connect to the host via ssh: Warning: Permanently added '127.0.0.1' (ED25519) to the list of known hosts.\r\nvagrant@127.0.0.1: Permission denied (publickey,password).", "unreachable": true}
2024-12-03 00:06:59,129 p=16162 u=vagrant n=ansible | ok: [localhost]
2024-12-03 00:06:59,147 p=16162 u=vagrant n=ansible | TASK [2p_centurion : Crear el grupo "G2p_2024_Defensa"] ******************************************************************************************
2024-12-03 00:06:59,400 p=16162 u=vagrant n=ansible | ok: [localhost]
2024-12-03 00:06:59,411 p=16162 u=vagrant n=ansible | PLAY RECAP ***************************************************************************************************************************************
2024-12-03 00:06:59,411 p=16162 u=vagrant n=ansible | 127.0.0.1                  : ok=0    changed=0    unreachable=1    failed=0    skipped=0    rescued=0    ignored=0   
2024-12-03 00:06:59,411 p=16162 u=vagrant n=ansible | localhost                  : ok=2    changed=0    unreachable=0    failed=0    skipped=0    rescued=0    ignored=0   
2024-12-03 00:07:38,592 p=16340 u=vagrant n=ansible | PLAY [Role] **************************************************************************************************************************************
2024-12-03 00:07:38,599 p=16340 u=vagrant n=ansible | TASK [Gathering Facts] ***************************************************************************************************************************
2024-12-03 00:07:39,466 p=16340 u=vagrant n=ansible | ok: [localhost]
2024-12-03 00:07:39,483 p=16340 u=vagrant n=ansible | TASK [2p_centurion : Crear el grupo "G2p_2024_Defensa"] ******************************************************************************************
2024-12-03 00:07:39,688 p=16340 u=vagrant n=ansible | ok: [localhost]
2024-12-03 00:07:39,697 p=16340 u=vagrant n=ansible | PLAY RECAP ***************************************************************************************************************************************
2024-12-03 00:07:39,697 p=16340 u=vagrant n=ansible | localhost                  : ok=2    changed=0    unreachable=0    failed=0    skipped=0    rescued=0    ignored=0   
